<?xml version="1.0" encoding="UTF-8"?>
<testsuite name="ro.fortsoft.pippo.demo.bdd.runner.PippoCrudDemoRunner" time="4.604" tests="32" errors="0" skipped="3" failures="0">
  <properties>
    <property name="java.runtime.name" value="OpenJDK Runtime Environment"/>
    <property name="sun.boot.library.path" value="/usr/lib/jvm/java-8-openjdk-amd64/jre/lib/amd64"/>
    <property name="java.vm.version" value="25.91-b14"/>
    <property name="java.vm.vendor" value="Oracle Corporation"/>
    <property name="maven.multiModuleProjectDirectory" value="/usr/src/app"/>
    <property name="java.vendor.url" value="http://java.oracle.com/"/>
    <property name="path.separator" value=":"/>
    <property name="guice.disable.misplaced.annotation.check" value="true"/>
    <property name="java.vm.name" value="OpenJDK 64-Bit Server VM"/>
    <property name="file.encoding.pkg" value="sun.io"/>
    <property name="sun.java.launcher" value="SUN_STANDARD"/>
    <property name="sun.os.patch.level" value="unknown"/>
    <property name="java.vm.specification.name" value="Java Virtual Machine Specification"/>
    <property name="user.dir" value="/usr/src/app"/>
    <property name="java.runtime.version" value="1.8.0_91-8u91-b14-1~bpo8+1-b14"/>
    <property name="java.awt.graphicsenv" value="sun.awt.X11GraphicsEnvironment"/>
    <property name="java.endorsed.dirs" value="/usr/lib/jvm/java-8-openjdk-amd64/jre/lib/endorsed"/>
    <property name="os.arch" value="amd64"/>
    <property name="java.io.tmpdir" value="/tmp"/>
    <property name="line.separator" value="&#10;"/>
    <property name="java.vm.specification.vendor" value="Oracle Corporation"/>
    <property name="os.name" value="Linux"/>
    <property name="classworlds.conf" value="/usr/share/maven/bin/m2.conf"/>
    <property name="sun.jnu.encoding" value="UTF-8"/>
    <property name="java.library.path" value="/usr/java/packages/lib/amd64:/usr/lib/x86_64-linux-gnu/jni:/lib/x86_64-linux-gnu:/usr/lib/x86_64-linux-gnu:/usr/lib/jni:/lib:/usr/lib"/>
    <property name="java.specification.name" value="Java Platform API Specification"/>
    <property name="java.class.version" value="52.0"/>
    <property name="sun.management.compiler" value="HotSpot 64-Bit Tiered Compilers"/>
    <property name="os.version" value="5.0.0-25-generic"/>
    <property name="user.home" value="/root"/>
    <property name="user.timezone" value="Etc/UTC"/>
    <property name="java.awt.printerjob" value="sun.print.PSPrinterJob"/>
    <property name="file.encoding" value="UTF-8"/>
    <property name="java.specification.version" value="1.8"/>
    <property name="user.name" value="root"/>
    <property name="java.class.path" value="/usr/share/maven/boot/plexus-classworlds-2.5.2.jar"/>
    <property name="java.vm.specification.version" value="1.8"/>
    <property name="sun.arch.data.model" value="64"/>
    <property name="java.home" value="/usr/lib/jvm/java-8-openjdk-amd64/jre"/>
    <property name="sun.java.command" value="org.codehaus.plexus.classworlds.launcher.Launcher clean verify"/>
    <property name="java.specification.vendor" value="Oracle Corporation"/>
    <property name="user.language" value="en"/>
    <property name="awt.toolkit" value="sun.awt.X11.XToolkit"/>
    <property name="java.vm.info" value="mixed mode"/>
    <property name="java.version" value="1.8.0_91"/>
    <property name="java.ext.dirs" value="/usr/lib/jvm/java-8-openjdk-amd64/jre/lib/ext:/usr/java/packages/lib/ext"/>
    <property name="securerandom.source" value="file:/dev/./urandom"/>
    <property name="sun.boot.class.path" value="/usr/lib/jvm/java-8-openjdk-amd64/jre/lib/resources.jar:/usr/lib/jvm/java-8-openjdk-amd64/jre/lib/rt.jar:/usr/lib/jvm/java-8-openjdk-amd64/jre/lib/sunrsasign.jar:/usr/lib/jvm/java-8-openjdk-amd64/jre/lib/jsse.jar:/usr/lib/jvm/java-8-openjdk-amd64/jre/lib/jce.jar:/usr/lib/jvm/java-8-openjdk-amd64/jre/lib/charsets.jar:/usr/lib/jvm/java-8-openjdk-amd64/jre/lib/jfr.jar:/usr/lib/jvm/java-8-openjdk-amd64/jre/classes"/>
    <property name="java.vendor" value="Oracle Corporation"/>
    <property name="maven.home" value="/usr/share/maven"/>
    <property name="file.separator" value="/"/>
    <property name="java.vendor.url.bug" value="http://bugreport.sun.com/bugreport/"/>
    <property name="sun.cpu.endian" value="little"/>
    <property name="sun.io.unicode.encoding" value="UnicodeLittle"/>
    <property name="sun.cpu.isalist" value=""/>
  </properties>
  <testcase name="Given I am logged in as admin" classname="Scenario: I am warned when trying to create a new contact with a short phone number" time="0.002"/>
  <testcase name="And I open the &apos;Contacts&apos; page" classname="Scenario: I am warned when trying to create a new contact with a short phone number" time="0"/>
  <testcase name="When I click on &apos;Add&apos;" classname="Scenario: I am warned when trying to create a new contact with a short phone number" time="0.001"/>
  <testcase name="And I enter &apos;TestUser&apos; &apos;+40723&apos; and &apos;Some address&apos; in the Edit panel" classname="Scenario: I am warned when trying to create a new contact with a short phone number" time="0"/>
  <testcase name="Then I should see a warning that the phone number is too short" classname="Scenario: I am warned when trying to create a new contact with a short phone number" time="0">
    <skipped/>
  </testcase>
  <testcase name="And The &apos;Submit&apos; button is disabled" classname="Scenario: I am warned when trying to create a new contact with a short phone number" time="0">
    <skipped/>
  </testcase>
  <testcase name="Scenario: I am warned when trying to create a new contact with a short phone number" classname="Scenario: I am warned when trying to create a new contact with a short phone number" time="0">
    <skipped/>
  </testcase>
  <testcase name="Scenario: I am warned when trying to create a new contact with a short phone number" classname="Scenario: I am warned when trying to create a new contact with a short phone number" time="1.488"/>
  <testcase name="Given I am logged in as admin" classname="| Serban | Str. Some street nr. 2 | +4077235653 |" time="0"/>
  <testcase name="And I open the &apos;Contacts&apos; page" classname="| Serban | Str. Some street nr. 2 | +4077235653 |" time="0"/>
  <testcase name="When I click on &apos;Add&apos;" classname="| Serban | Str. Some street nr. 2 | +4077235653 |" time="0"/>
  <testcase name="And I enter &apos;Serban&apos; &apos;+4077235653&apos; and &apos;Str. Some street nr. 2&apos; in the Edit panel" classname="| Serban | Str. Some street nr. 2 | +4077235653 |" time="0"/>
  <testcase name="And I click &apos;Submit&apos; button" classname="| Serban | Str. Some street nr. 2 | +4077235653 |" time="0"/>
  <testcase name="Then I should see &apos;Serban&apos; in the list of contacts" classname="| Serban | Str. Some street nr. 2 | +4077235653 |" time="0"/>
  <testcase name="| Serban | Str. Some street nr. 2 | +4077235653 |" classname="| Serban | Str. Some street nr. 2 | +4077235653 |" time="1.23"/>
  <testcase name="Given I am logged in as admin" classname="| Decebal | Str. Burebista nr. 3 | +4077235655 |" time="0"/>
  <testcase name="And I open the &apos;Contacts&apos; page" classname="| Decebal | Str. Burebista nr. 3 | +4077235655 |" time="0"/>
  <testcase name="When I click on &apos;Add&apos;" classname="| Decebal | Str. Burebista nr. 3 | +4077235655 |" time="0"/>
  <testcase name="And I enter &apos;Decebal&apos; &apos;+4077235655&apos; and &apos;Str. Burebista nr. 3&apos; in the Edit panel" classname="| Decebal | Str. Burebista nr. 3 | +4077235655 |" time="0"/>
  <testcase name="And I click &apos;Submit&apos; button" classname="| Decebal | Str. Burebista nr. 3 | +4077235655 |" time="0"/>
  <testcase name="Then I should see &apos;Decebal&apos; in the list of contacts" classname="| Decebal | Str. Burebista nr. 3 | +4077235655 |" time="0"/>
  <testcase name="| Decebal | Str. Burebista nr. 3 | +4077235655 |" classname="| Decebal | Str. Burebista nr. 3 | +4077235655 |" time="1.585"/>
  <testcase name="Given I try to access the &apos;Contacts&apos; page" classname="Scenario: Entering valid credentials I am able to login and see &apos;Contacts&apos; page" time="0"/>
  <testcase name="And I see the &apos;Login&apos; page" classname="Scenario: Entering valid credentials I am able to login and see &apos;Contacts&apos; page" time="0"/>
  <testcase name="When I login with user &apos;admin&apos; and with password &apos;admin&apos;" classname="Scenario: Entering valid credentials I am able to login and see &apos;Contacts&apos; page" time="0"/>
  <testcase name="Then I should see the &apos;Contacts&apos; page" classname="Scenario: Entering valid credentials I am able to login and see &apos;Contacts&apos; page" time="0"/>
  <testcase name="Scenario: Entering valid credentials I am able to login and see &apos;Contacts&apos; page" classname="Scenario: Entering valid credentials I am able to login and see &apos;Contacts&apos; page" time="0.881"/>
  <testcase name="Given I try to access the &apos;Contacts&apos; page" classname="Scenario: Entering invalid credentials I am warned that login has failed" time="0"/>
  <testcase name="And I see the &apos;Login&apos; page" classname="Scenario: Entering invalid credentials I am warned that login has failed" time="0"/>
  <testcase name="When I login with user &apos;hacker&apos; and with password &apos;&apos;" classname="Scenario: Entering invalid credentials I am warned that login has failed" time="0"/>
  <testcase name="Then I should see a failed login warning message with key &apos;login.warnLoginFailed&apos;" classname="Scenario: Entering invalid credentials I am warned that login has failed" time="0"/>
  <testcase name="Scenario: Entering invalid credentials I am warned that login has failed" classname="Scenario: Entering invalid credentials I am warned that login has failed" time="0.905"/>
</testsuite>